app/seeds.txt
com.zhongyong.globalsearchtool.R$color
com.zhongyong.globalsearchtool.R$menu
com.zhongyong.globalsearchtool.R$anim
com.zhongyong.globalsearchtool.R$attr
com.zhongyong.globalsearchtool.R$drawable
com.zhongyong.globalsearchtool.DataBinderMapperImpl
com.zhongyong.globalsearchtool.R$dimen
com.zhongyong.globalsearchtool.R$integer
com.zhongyong.globalsearchtool.R$styleable
com.zhongyong.globalsearchtool.search.SearchActivity
com.zhongyong.globalsearchtool.provider.DeskTop
com.zhongyong.globalsearchtool.R$animator
com.zhongyong.globalsearchtool.R$xml
com.zhongyong.globalsearchtool.R$bool
com.zhongyong.globalsearchtool.MainActivity
com.zhongyong.globalsearchtool.receiver.ShortcutReceiver
com.zhongyong.globalsearchtool.R$interpolator
com.zhongyong.globalsearchtool.R$id
com.zhongyong.globalsearchtool.receiver.AppBootReceiver
com.zhongyong.globalsearchtool.R$array
com.zhongyong.globalsearchtool.db.AppDatabase
com.zhongyong.globalsearchtool.R$style
com.zhongyong.globalsearchtool.R$mipmap
com.zhongyong.globalsearchtool.setting.SettingActivity
com.zhongyong.globalsearchtool.diy.DiyActivity
com.zhongyong.globalsearchtool.db.AppDatabase_Impl
com.zhongyong.globalsearchtool.R$layout
com.zhongyong.globalsearchtool.R$string
com.zhongyong.globalsearchtool.R$plurals
com.zhongyong.globalsearchtool.application.SearchApplication
com.zhongyong.globalsearchtool.R$styleable: int KeyCycle_android_rotationY
com.zhongyong.globalsearchtool.R$styleable: int[] Capability
com.zhongyong.globalsearchtool.R$styleable: int MaterialButton_android_insetBottom
com.zhongyong.globalsearchtool.R$dimen: int abc_list_item_height_large_material
com.zhongyong.globalsearchtool.R$dimen: int mtrl_toolbar_default_height
com.zhongyong.globalsearchtool.R$styleable: int Fragment_android_id
com.zhongyong.globalsearchtool.R$style: int Widget_MaterialComponents_BottomSheet
com.zhongyong.globalsearchtool.R$styleable: int MaterialAutoCompleteTextView_android_inputType
com.zhongyong.globalsearchtool.R$styleable: int TextEffects_android_shadowDx
com.zhongyong.globalsearchtool.R$styleable: int[] AppBarLayout
com.zhongyong.globalsearchtool.R$style: int Theme_MaterialComponents_Light_NoActionBar
com.zhongyong.globalsearchtool.R$styleable: int ConstraintOverride_layout_constraintHorizontal_chainStyle
com.zhongyong.globalsearchtool.R$attr: int windowActionBar
com.zhongyong.globalsearchtool.R$styleable: int TextInputLayout_hintEnabled
com.zhongyong.globalsearchtool.R$style: int TextAppearance_AppCompat_Light_SearchResult_Subtitle
com.zhongyong.globalsearchtool.R$styleable: int ConstraintSet_android_elevation
com.zhongyong.globalsearchtool.R$styleable: int Toolbar_titleMargins
com.zhongyong.globalsearchtool.R$id: int month_navigation_previous
com.zhongyong.globalsearchtool.R$styleable: int Layout_layout_constraintCircle
com.zhongyong.globalsearchtool.R$styleable: int AnimatedStateListDrawableTransition_android_toId
com.zhongyong.globalsearchtool.R$styleable: int ConstraintOverride_pathMotionArc
com.zhongyong.globalsearchtool.R$color: int design_dark_default_color_on_primary
com.zhongyong.globalsearchtool.R$style: int Widget_MaterialComponents_ChipGroup
com.zhongyong.globalsearchtool.R$styleable: int KeyTrigger_viewTransitionOnPositiveCross
com.zhongyong.globalsearchtool.R$styleable: int KeyCycle_wavePhase
com.zhongyong.globalsearchtool.R$styleable: int SwitchCompat_showText
com.zhongyong.globalsearchtool.R$styleable: int ConstraintOverride_layout_constraintTag
com.zhongyong.globalsearchtool.R$id: int outline
com.zhongyong.globalsearchtool.R$styleable: int MotionLabel_textBackgroundPanY
com.zhongyong.globalsearchtool.R$plurals: int mtrl_badge_content_description
com.zhongyong.globalsearchtool.R$dimen: int mtrl_calendar_header_content_padding_fullscreen
com.zhongyong.globalsearchtool.R$styleable: int AppCompatTheme_actionBarPopupTheme
com.zhongyong.globalsearchtool.R$styleable: int TextInputLayout_passwordToggleContentDescription
com.zhongyong.globalsearchtool.R$attr: int drawableSize
...
com.bumptech.glide.R$styleable: R$styleable()
androidx.activity.R$layout: R$layout()
androidx.appcompat.widget.AppCompatCheckedTextView: void setCustomSelectionActionModeCallback(android.view.ActionMode$Callback)
com.google.android.material.imageview.ShapeableImageView: void setShapeAppearanceModel(com.google.android.material.shape.ShapeAppearanceModel)
com.google.android.material.bottomappbar.BottomAppBar: int getFabAnimationMode()
androidx.activity.R$color: R$color()
android.support.v4.os.IResultReceiver$Stub: boolean onTransact(int,android.os.Parcel,android.os.Parcel,int)
androidx.core.R$layout: R$layout()
androidx.core.view.WindowInsetsCompat$Impl: void copyWindowDataInto(androidx.core.view.WindowInsetsCompat)
com.google.android.material.imageview.ShapeableImageView: int getPaddingStart()
androidx.appcompat.widget.AppCompatTextView: androidx.core.text.PrecomputedTextCompat$Params getTextMetricsParamsCompat()
com.google.android.material.floatingactionbutton.FloatingActionButton: void setBackgroundResource(int)
androidx.constraintlayout.motion.widget.MotionLayout: float getVelocity()
androidx.appcompat.widget.AppCompatSpinner: java.lang.CharSequence getPrompt()
androidx.core.view.ViewCompat$Api26Impl: void addKeyboardNavigationClusters(android.view.View,java.util.Collection,int)
androidx.appcompat.widget.SwitchCompat: android.view.ActionMode$Callback getCustomSelectionActionModeCallback()
androidx.vectordrawable.graphics.drawable.VectorDrawableCompat$VGroup: float getPivotY()
androidx.appcompat.widget.Toolbar: void setTitleMarginTop(int)
com.google.android.material.chip.Chip: void setShowMotionSpec(com.google.android.material.animation.MotionSpec)
com.google.android.material.slider.BaseSlider: int getLabelBehavior()
com.google.android.material.textfield.MaterialAutoCompleteTextView: MaterialAutoCompleteTextView(android.content.Context,android.util.AttributeSet)
com.bumptech.glide.load.DecodeFormat: com.bumptech.glide.load.DecodeFormat valueOf(java.lang.String)
com.bumptech.glide.load.engine.DecodeJob$RunReason: com.bumptech.glide.load.engine.DecodeJob$RunReason valueOf(java.lang.String)
androidx.appcompat.widget.SearchView: void setInputType(int)
com.google.android.material.card.MaterialCardView: void setOnCheckedChangeListener(com.google.android.material.card.MaterialCardView$OnCheckedChangeListener)
androidx.core.view.ViewCompat$Api21Impl: void setTranslationZ(android.view.View,float)
android.support.v4.app.RemoteActionCompatParcelizer: void write(androidx.core.app.RemoteActionCompat,androidx.versionedparcelable.VersionedParcel)
androidx.appcompat.widget.SwitchCompat: android.content.res.ColorStateList getThumbTintList()
androidx.appcompat.widget.Toolbar: java.lang.CharSequence getCollapseContentDescription()
com.google.android.material.textfield.TextInputLayout: android.widget.TextView getPrefixTextView()
androidx.appcompat.widget.AppCompatEditText: void setTextClassifier(android.view.textclassifier.TextClassifier)
androidx.appcompat.widget.Toolbar: android.view.View getNavButtonView()
com.google.android.material.floatingactionbutton.FloatingActionButton: void setBackgroundTintList(android.content.res.ColorStateList)
androidx.lifecycle.extensions.R$color: R$color()
androidx.core.view.ViewCompat$Api16Impl: boolean performAccessibilityAction(android.view.View,int,android.os.Bundle)
com.google.android.material.textfield.TextInputLayout: android.graphics.drawable.Drawable getPasswordVisibilityToggleDrawable()
com.google.android.material.card.MaterialCardView: android.content.res.ColorStateList getStrokeColorStateList()
com.google.android.material.chip.Chip: float getChipIconSize()
androidx.appcompat.widget.Toolbar: void setNavigationIcon(int)
androidx.constraintlayout.widget.Guideline: Guideline(android.content.Context)
com.tencent.mmkv.MMKV: boolean encodeBool(long,java.lang.String,boolean)
androidx.constraintlayout.utils.widget.MotionLabel: float getTextBackgroundPanX()