app/unused.txt
com.zhongyong.globalsearchtool.BR
com.zhongyong.globalsearchtool.BuildConfig
com.zhongyong.globalsearchtool.DataBinderMapperImpl$InnerBrLookup
com.zhongyong.globalsearchtool.DataBinderMapperImpl$InnerLayoutIdLookup:
    private void <init>()
com.zhongyong.globalsearchtool.DataBinderMapperImpl:
    private static final int LAYOUT_ACTIVITYDIY
    private static final int LAYOUT_ACTIVITYMAIN
    private static final int LAYOUT_ACTIVITYSETTING
    private static final int LAYOUT_DIALOGADDDIY
    private static final int LAYOUT_ITEMDIY
    private static final int LAYOUT_ITEMSEARCH
    public java.lang.String convertBrIdToString(int)
com.zhongyong.globalsearchtool.DataBindingTriggerClass
com.zhongyong.globalsearchtool.R
com.zhongyong.globalsearchtool.application.SearchApplication$Companion:
    public final com.zhongyong.globalsearchtool.application.SearchApplication getSearchApplication()
com.zhongyong.globalsearchtool.databinding.ActivityDiyBinding:
    public static com.zhongyong.globalsearchtool.databinding.ActivityDiyBinding bind(android.view.View)
    public static com.zhongyong.globalsearchtool.databinding.ActivityDiyBinding bind(android.view.View,java.lang.Object)
    public static com.zhongyong.globalsearchtool.databinding.ActivityDiyBinding inflate(android.view.LayoutInflater)
    public static com.zhongyong.globalsearchtool.databinding.ActivityDiyBinding inflate(android.view.LayoutInflater,android.view.ViewGroup,boolean)
    public static com.zhongyong.globalsearchtool.databinding.ActivityDiyBinding inflate(android.view.LayoutInflater,android.view.ViewGroup,boolean,java.lang.Object)
    public static com.zhongyong.globalsearchtool.databinding.ActivityDiyBinding inflate(android.view.LayoutInflater,java.lang.Object)
com.zhongyong.globalsearchtool.databinding.ActivityDiyBindingImpl:
    protected boolean onFieldChange(int,java.lang.Object,int)
    public boolean setVariable(int,java.lang.Object)
com.zhongyong.globalsearchtool.databinding.ActivityMainBinding:
    public static com.zhongyong.globalsearchtool.databinding.ActivityMainBinding bind(android.view.View)
    public static com.zhongyong.globalsearchtool.databinding.ActivityMainBinding bind(android.view.View,java.lang.Object)
    public static com.zhongyong.globalsearchtool.databinding.ActivityMainBinding inflate(android.view.LayoutInflater)
    public static com.zhongyong.globalsearchtool.databinding.ActivityMainBinding inflate(android.view.LayoutInflater,android.view.ViewGroup,boolean)
    public static com.zhongyong.globalsearchtool.databinding.ActivityMainBinding inflate(android.view.LayoutInflater,android.view.ViewGroup,boolean,java.lang.Object)
    public static com.zhongyong.globalsearchtool.databinding.ActivityMainBinding inflate(android.view.LayoutInflater,java.lang.Object)
com.zhongyong.globalsearchtool.databinding.ActivityMainBindingImpl:
    protected boolean onFieldChange(int,java.lang.Object,int)
    public boolean setVariable(int,java.lang.Object)
com.zhongyong.globalsearchtool.databinding.ActivitySettingBinding:
    public static com.zhongyong.globalsearchtool.databinding.ActivitySettingBinding bind(android.view.View)
    public static com.zhongyong.globalsearchtool.databinding.ActivitySettingBinding bind(android.view.View,java.lang.Object)
    public static com.zhongyong.globalsearchtool.databinding.ActivitySettingBinding inflate(android.view.LayoutInflater)
    public static com.zhongyong.globalsearchtool.databinding.ActivitySettingBinding inflate(android.view.LayoutInflater,android.view.ViewGroup,boolean)
    public static com.zhongyong.globalsearchtool.databinding.ActivitySettingBinding inflate(android.view.LayoutInflater,android.view.ViewGroup,boolean,java.lang.Object)
    public static com.zhongyong.globalsearchtool.databinding.ActivitySettingBinding inflate(android.view.LayoutInflater,java.lang.Object)
...
kotlinx.coroutines.internal.ExceptionsConstuctorKt$tryCopyException$5$1
kotlinx.coroutines.internal.ExceptionsConstuctorKt
kotlinx.coroutines.internal.FastServiceLoader
kotlinx.coroutines.internal.FastServiceLoaderKt
kotlinx.coroutines.internal.LockFreeLinkedListKt:
    public static final java.lang.Object LIST_EMPTY
    public static final java.lang.Object getCONDITION_FALSE()
    public static final kotlinx.coroutines.internal.LockFreeLinkedListNode unwrap(java.lang.Object)
kotlinx.coroutines.internal.LockFreeLinkedListNode$CondAddOp:
    public void complete(kotlinx.coroutines.internal.LockFreeLinkedListNode,java.lang.Object)
kotlinx.coroutines.internal.LockFreeLinkedListNode:
    public static final synthetic void access$finishAdd(kotlinx.coroutines.internal.LockFreeLinkedListNode,kotlinx.coroutines.internal.LockFreeLinkedListNode)
    public final boolean addOneIfEmpty(kotlinx.coroutines.internal.LockFreeLinkedListNode)
    public final kotlinx.coroutines.internal.LockFreeLinkedListNode findPrevNonRemoved(kotlinx.coroutines.internal.LockFreeLinkedListNode)
    public final kotlinx.coroutines.internal.LockFreeLinkedListNode removeOrNext()
    public final kotlinx.coroutines.internal.Removed removed()
    public final int tryCondAddNext(kotlinx.coroutines.internal.LockFreeLinkedListNode,kotlinx.coroutines.internal.LockFreeLinkedListNode,kotlinx.coroutines.internal.LockFreeLinkedListNode$CondAddOp)
kotlinx.coroutines.internal.LockFreeTaskQueueCore$Companion:
    public void <init>()
    public final int addFailReason(long)
    public final long updateHead(long,int)
    public final long updateTail(long,int)
kotlinx.coroutines.internal.LockFreeTaskQueueCore:
    public final kotlinx.coroutines.internal.LockFreeTaskQueueCore allocateNextCopy(long)
    public final kotlinx.coroutines.internal.LockFreeTaskQueueCore allocateOrGetNextCopy(long)
    public final kotlinx.coroutines.internal.LockFreeTaskQueueCore fillPlaceholder(int,java.lang.Object)
    public final long markFrozen()
    public final kotlinx.coroutines.internal.LockFreeTaskQueueCore removeSlowPath(int,int)
kotlinx.coroutines.internal.MainDispatcherLoader:
    public static final boolean FAST_SERVICE_LOADER_ENABLED
    public static final kotlinx.coroutines.internal.MainDispatcherLoader INSTANCE
    public void <init>()
    public final kotlinx.coroutines.MainCoroutineDispatcher loadMainDispatcher()
kotlinx.coroutines.internal.MainDispatchersKt
kotlinx.coroutines.internal.MissingMainCoroutineDispatcher
kotlinx.coroutines.internal.OpDescriptor:
    public abstract kotlinx.coroutines.internal.AtomicOp getAtomicOp()
    public final boolean isEarlierThan(kotlinx.coroutines.internal.OpDescriptor)
kotlinx.coroutines.internal.ScopeCoroutine:
    public final java.lang.StackTraceElement getStackTraceElement()
kotlinx.coroutines.internal.StackTraceRecoveryKt
kotlinx.coroutines.internal.Symbol
kotlinx.coroutines.internal.SystemPropsKt
kotlinx.coroutines.internal.SystemPropsKt__SystemPropsKt:
    public static final int getAVAILABLE_PROCESSORS()
    public static final java.lang.String systemProp(java.lang.String)
kotlinx.coroutines.internal.SystemPropsKt__SystemProps_commonKt
kotlinx.coroutines.internal.ThreadContextKt$countAll$1:
    public final java.lang.Object invoke(java.lang.Object,kotlin.coroutines.CoroutineContext$Element)
kotlinx.coroutines.internal.ThreadContextKt$findOne$1:
    public final kotlinx.coroutines.ThreadContextElement invoke(kotlinx.coroutines.ThreadContextElement,kotlin.coroutines.CoroutineContext$Element)
kotlinx.coroutines.internal.ThreadContextKt$updateState$1:
    public final kotlinx.coroutines.internal.ThreadState invoke(kotlinx.coroutines.internal.ThreadState,kotlin.coroutines.CoroutineContext$Element)
kotlinx.coroutines.internal.ThreadContextKt:
    public static final kotlin.jvm.functions.Function2 countAll
    public static final kotlin.jvm.functions.Function2 findOne
    public static final kotlin.jvm.functions.Function2 updateState